[2023-09-25 01:55:56] [信息     ] The index service is started successfully. port: 9000 
[2023-09-25 02:05:16] [信息     ] Register path: /Users/wangjianshen/Downloads/tmp/,files.size: 100 from Peer(127.0.0.1 ), peerId:fbcc266e-31a7-4ef1-aecb-9c4b8e483897 
[2023-09-25 02:05:16] [信息     ] The peer (ID:fbcc266e-31a7-4ef1-aecb-9c4b8e483897, IP:127.0.0.1) sent 100 files to the server.  
[2023-09-25 02:05:44] [信息     ] lookup file text_kb_92.txt 
[2023-09-25 02:06:31] [信息     ] indexFilesStore remove peerKey:peer_key_Id:fbcc266e-31a7-4ef1-aecb-9c4b8e483897_ip:127.0.0.1 
[2023-09-25 02:06:31] [信息     ] searchFilesMapping remove item. path: /Users/wangjianshen/Downloads/tmp/ ,fileKey: text_kb_89.txt 
[2023-09-25 02:06:31] [信息     ] searchFilesMapping remove item. path: /Users/wangjianshen/Downloads/tmp/ ,fileKey: text_kb_76.txt 
[2023-09-25 02:06:31] [信息     ] searchFilesMapping remove item. path: /Users/wangjianshen/Downloads/tmp/ ,fileKey: text_kb_62.txt 
[2023-09-25 02:06:31] [信息     ] searchFilesMapping remove item. path: /Users/wangjianshen/Downloads/tmp/ ,fileKey: text_kb_63.txt 
[2023-09-25 02:06:31] [信息     ] searchFilesMapping remove item. path: /Users/wangjianshen/Downloads/tmp/ ,fileKey: text_kb_77.txt 
[2023-09-25 02:06:31] [信息     ] searchFilesMapping remove item. path: /Users/wangjianshen/Downloads/tmp/ ,fileKey: text_kb_88.txt 
[2023-09-25 02:06:31] [信息     ] searchFilesMapping remove item. path: /Users/wangjianshen/Downloads/tmp/ ,fileKey: text_kb_1.txt 
[2023-09-25 02:06:31] [信息     ] searchFilesMapping remove item. path: /Users/wangjianshen/Downloads/tmp/ ,fileKey: text_kb_3.txt 
[2023-09-25 02:06:31] [信息     ] searchFilesMapping remove item. path: /Users/wangjianshen/Downloads/tmp/ ,fileKey: text_kb_61.txt 
[2023-09-25 02:06:31] [信息     ] searchFilesMapping remove item. path: /Users/wangjianshen/Downloads/tmp/ ,fileKey: text_kb_75.txt 
[2023-09-25 02:06:31] [信息     ] searchFilesMapping remove item. path: /Users/wangjianshen/Downloads/tmp/ ,fileKey: text_kb_49.txt 
[2023-09-25 02:06:31] [信息     ] searchFilesMapping remove item. path: /Users/wangjianshen/Downloads/tmp/ ,fileKey: text_kb_48.txt 
[2023-09-25 02:06:31] [信息     ] searchFilesMapping remove item. path: /Users/wangjianshen/Downloads/tmp/ ,fileKey: text_kb_74.txt 
[2023-09-25 02:06:31] [信息     ] searchFilesMapping remove item. path: /Users/wangjianshen/Downloads/tmp/ ,fileKey: text_kb_60.txt 
[2023-09-25 02:06:31] [信息     ] searchFilesMapping remove item. path: /Users/wangjianshen/Downloads/tmp/ ,fileKey: text_kb_2.txt 
[2023-09-25 02:06:31] [信息     ] searchFilesMapping remove item. path: /Users/wangjianshen/Downloads/tmp/ ,fileKey: text_kb_6.txt 
[2023-09-25 02:06:31] [信息     ] searchFilesMapping remove item. path: /Users/wangjianshen/Downloads/tmp/ ,fileKey: text_kb_58.txt 
[2023-09-25 02:06:31] [信息     ] searchFilesMapping remove item. path: /Users/wangjianshen/Downloads/tmp/ ,fileKey: text_kb_64.txt 
[2023-09-25 02:06:31] [信息     ] searchFilesMapping remove item. path: /Users/wangjianshen/Downloads/tmp/ ,fileKey: text_kb_70.txt 
[2023-09-25 02:06:31] [信息     ] searchFilesMapping remove item. path: /Users/wangjianshen/Downloads/tmp/ ,fileKey: text_kb_71.txt 
[2023-09-25 02:06:31] [信息     ] searchFilesMapping remove item. path: /Users/wangjianshen/Downloads/tmp/ ,fileKey: text_kb_65.txt 
[2023-09-25 02:06:31] [信息     ] searchFilesMapping remove item. path: /Users/wangjianshen/Downloads/tmp/ ,fileKey: text_kb_59.txt 
[2023-09-25 02:06:31] [信息     ] searchFilesMapping remove item. path: /Users/wangjianshen/Downloads/tmp/ ,fileKey: text_kb_7.txt 
[2023-09-25 02:06:31] [信息     ] searchFilesMapping remove item. path: /Users/wangjianshen/Downloads/tmp/ ,fileKey: text_kb_5.txt 
[2023-09-25 02:06:31] [信息     ] searchFilesMapping remove item. path: /Users/wangjianshen/Downloads/tmp/ ,fileKey: text_kb_98.txt 
[2023-09-25 02:06:31] [信息     ] searchFilesMapping remove item. path: /Users/wangjianshen/Downloads/tmp/ ,fileKey: text_kb_73.txt 
[2023-09-25 02:06:31] [信息     ] searchFilesMapping remove item. path: /Users/wangjianshen/Downloads/tmp/ ,fileKey: text_kb_67.txt 
[2023-09-25 02:06:31] [信息     ] searchFilesMapping remove item. path: /Users/wangjianshen/Downloads/tmp/ ,fileKey: text_kb_66.txt 
[2023-09-25 02:06:31] [信息     ] searchFilesMapping remove item. path: /Users/wangjianshen/Downloads/tmp/ ,fileKey: text_kb_72.txt 
[2023-09-25 02:06:31] [信息     ] searchFilesMapping remove item. path: /Users/wangjianshen/Downloads/tmp/ ,fileKey: text_kb_99.txt 
[2023-09-25 02:06:31] [信息     ] searchFilesMapping remove item. path: /Users/wangjianshen/Downloads/tmp/ ,fileKey: text_kb_4.txt 
[2023-09-25 02:06:31] [信息     ] searchFilesMapping remove item. path: /Users/wangjianshen/Downloads/tmp/ ,fileKey: text_kb_100.txt 
[2023-09-25 02:06:31] [信息     ] searchFilesMapping remove item. path: /Users/wangjianshen/Downloads/tmp/ ,fileKey: text_kb_15.txt 
[2023-09-25 02:06:31] [信息     ] searchFilesMapping remove item. path: /Users/wangjianshen/Downloads/tmp/ ,fileKey: text_kb_29.txt 
[2023-09-25 02:06:31] [信息     ] searchFilesMapping remove item. path: /Users/wangjianshen/Downloads/tmp/ ,fileKey: text_kb_28.txt 
[2023-09-25 02:06:31] [信息     ] searchFilesMapping remove item. path: /Users/wangjianshen/Downloads/tmp/ ,fileKey: text_kb_14.txt 
[2023-09-25 02:06:31] [信息     ] searchFilesMapping remove item. path: /Users/wangjianshen/Downloads/tmp/ ,fileKey: text_kb_16.txt 
[2023-09-25 02:06:31] [信息     ] searchFilesMapping remove item. path: /Users/wangjianshen/Downloads/tmp/ ,fileKey: text_kb_17.txt 
[2023-09-25 02:06:31] [信息     ] searchFilesMapping remove item. path: /Users/wangjianshen/Downloads/tmp/ ,fileKey: text_kb_13.txt 
[2023-09-25 02:06:31] [信息     ] searchFilesMapping remove item. path: /Users/wangjianshen/Downloads/tmp/ ,fileKey: text_kb_12.txt 
[2023-09-25 02:06:31] [信息     ] searchFilesMapping remove item. path: /Users/wangjianshen/Downloads/tmp/ ,fileKey: text_kb_38.txt 
[2023-09-25 02:06:31] [信息     ] searchFilesMapping remove item. path: /Users/wangjianshen/Downloads/tmp/ ,fileKey: text_kb_10.txt 
[2023-09-25 02:06:31] [信息     ] searchFilesMapping remove item. path: /Users/wangjianshen/Downloads/tmp/ ,fileKey: text_kb_11.txt 
[2023-09-25 02:06:31] [信息     ] searchFilesMapping remove item. path: /Users/wangjianshen/Downloads/tmp/ ,fileKey: text_kb_39.txt 
[2023-09-25 02:06:31] [信息     ] searchFilesMapping remove item. path: /Users/wangjianshen/Downloads/tmp/ ,fileKey: text_kb_34.txt 
[2023-09-25 02:06:31] [信息     ] searchFilesMapping remove item. path: /Users/wangjianshen/Downloads/tmp/ ,fileKey: text_kb_20.txt 
[2023-09-25 02:06:31] [信息     ] searchFilesMapping remove item. path: /Users/wangjianshen/Downloads/tmp/ ,fileKey: text_kb_21.txt 
[2023-09-25 02:06:31] [信息     ] searchFilesMapping remove item. path: /Users/wangjianshen/Downloads/tmp/ ,fileKey: text_kb_35.txt 
[2023-09-25 02:06:31] [信息     ] searchFilesMapping remove item. path: /Users/wangjianshen/Downloads/tmp/ ,fileKey: text_kb_23.txt 
[2023-09-25 02:06:31] [信息     ] searchFilesMapping remove item. path: /Users/wangjianshen/Downloads/tmp/ ,fileKey: text_kb_37.txt 
[2023-09-25 02:06:31] [信息     ] searchFilesMapping remove item. path: /Users/wangjianshen/Downloads/tmp/ ,fileKey: text_kb_36.txt 
[2023-09-25 02:06:31] [信息     ] searchFilesMapping remove item. path: /Users/wangjianshen/Downloads/tmp/ ,fileKey: text_kb_22.txt 
[2023-09-25 02:06:31] [信息     ] searchFilesMapping remove item. path: /Users/wangjianshen/Downloads/tmp/ ,fileKey: text_kb_26.txt 
[2023-09-25 02:06:31] [信息     ] searchFilesMapping remove item. path: /Users/wangjianshen/Downloads/tmp/ ,fileKey: text_kb_32.txt 
[2023-09-25 02:06:31] [信息     ] searchFilesMapping remove item. path: /Users/wangjianshen/Downloads/tmp/ ,fileKey: text_kb_33.txt 
[2023-09-25 02:06:31] [信息     ] searchFilesMapping remove item. path: /Users/wangjianshen/Downloads/tmp/ ,fileKey: text_kb_27.txt 
[2023-09-25 02:06:31] [信息     ] searchFilesMapping remove item. path: /Users/wangjianshen/Downloads/tmp/ ,fileKey: text_kb_19.txt 
[2023-09-25 02:06:31] [信息     ] searchFilesMapping remove item. path: /Users/wangjianshen/Downloads/tmp/ ,fileKey: text_kb_31.txt 
[2023-09-25 02:06:31] [信息     ] searchFilesMapping remove item. path: /Users/wangjianshen/Downloads/tmp/ ,fileKey: text_kb_25.txt 
[2023-09-25 02:06:31] [信息     ] searchFilesMapping remove item. path: /Users/wangjianshen/Downloads/tmp/ ,fileKey: text_kb_24.txt 
[2023-09-25 02:06:31] [信息     ] searchFilesMapping remove item. path: /Users/wangjianshen/Downloads/tmp/ ,fileKey: text_kb_30.txt 
[2023-09-25 02:06:31] [信息     ] searchFilesMapping remove item. path: /Users/wangjianshen/Downloads/tmp/ ,fileKey: text_kb_18.txt 
[2023-09-25 02:06:31] [信息     ] searchFilesMapping remove item. path: /Users/wangjianshen/Downloads/tmp/ ,fileKey: text_kb_9.txt 
[2023-09-25 02:06:31] [信息     ] searchFilesMapping remove item. path: /Users/wangjianshen/Downloads/tmp/ ,fileKey: text_kb_94.txt 
[2023-09-25 02:06:31] [信息     ] searchFilesMapping remove item. path: /Users/wangjianshen/Downloads/tmp/ ,fileKey: text_kb_80.txt 
[2023-09-25 02:06:31] [信息     ] searchFilesMapping remove item. path: /Users/wangjianshen/Downloads/tmp/ ,fileKey: text_kb_57.txt 
[2023-09-25 02:06:31] [信息     ] searchFilesMapping remove item. path: /Users/wangjianshen/Downloads/tmp/ ,fileKey: text_kb_43.txt 
[2023-09-25 02:06:31] [信息     ] searchFilesMapping remove item. path: /Users/wangjianshen/Downloads/tmp/ ,fileKey: text_kb_42.txt 
[2023-09-25 02:06:31] [信息     ] searchFilesMapping remove item. path: /Users/wangjianshen/Downloads/tmp/ ,fileKey: text_kb_56.txt 
[2023-09-25 02:06:31] [信息     ] searchFilesMapping remove item. path: /Users/wangjianshen/Downloads/tmp/ ,fileKey: text_kb_81.txt 
[2023-09-25 02:06:31] [信息     ] searchFilesMapping remove item. path: /Users/wangjianshen/Downloads/tmp/ ,fileKey: text_kb_95.txt 
[2023-09-25 02:06:31] [信息     ] searchFilesMapping remove item. path: /Users/wangjianshen/Downloads/tmp/ ,fileKey: text_kb_8.txt 
[2023-09-25 02:06:31] [信息     ] searchFilesMapping remove item. path: /Users/wangjianshen/Downloads/tmp/ ,fileKey: text_kb_83.txt 
[2023-09-25 02:06:31] [信息     ] searchFilesMapping remove item. path: /Users/wangjianshen/Downloads/tmp/ ,fileKey: text_kb_97.txt 
[2023-09-25 02:06:31] [信息     ] searchFilesMapping remove item. path: /Users/wangjianshen/Downloads/tmp/ ,fileKey: text_kb_40.txt 
[2023-09-25 02:06:31] [信息     ] searchFilesMapping remove item. path: /Users/wangjianshen/Downloads/tmp/ ,fileKey: text_kb_54.txt 
[2023-09-25 02:06:31] [信息     ] searchFilesMapping remove item. path: /Users/wangjianshen/Downloads/tmp/ ,fileKey: text_kb_68.txt 
[2023-09-25 02:06:31] [信息     ] searchFilesMapping remove item. path: /Users/wangjianshen/Downloads/tmp/ ,fileKey: text_kb_69.txt 
[2023-09-25 02:06:31] [信息     ] searchFilesMapping remove item. path: /Users/wangjianshen/Downloads/tmp/ ,fileKey: text_kb_55.txt 
[2023-09-25 02:06:31] [信息     ] searchFilesMapping remove item. path: /Users/wangjianshen/Downloads/tmp/ ,fileKey: text_kb_41.txt 
[2023-09-25 02:06:31] [信息     ] searchFilesMapping remove item. path: /Users/wangjianshen/Downloads/tmp/ ,fileKey: text_kb_96.txt 
[2023-09-25 02:06:31] [信息     ] searchFilesMapping remove item. path: /Users/wangjianshen/Downloads/tmp/ ,fileKey: text_kb_82.txt 
[2023-09-25 02:06:31] [信息     ] searchFilesMapping remove item. path: /Users/wangjianshen/Downloads/tmp/ ,fileKey: text_kb_86.txt 
[2023-09-25 02:06:31] [信息     ] searchFilesMapping remove item. path: /Users/wangjianshen/Downloads/tmp/ ,fileKey: text_kb_92.txt 
[2023-09-25 02:06:31] [信息     ] searchFilesMapping remove item. path: /Users/wangjianshen/Downloads/tmp/ ,fileKey: text_kb_79.txt 
[2023-09-25 02:06:31] [信息     ] searchFilesMapping remove item. path: /Users/wangjianshen/Downloads/tmp/ ,fileKey: text_kb_45.txt 
[2023-09-25 02:06:31] [信息     ] searchFilesMapping remove item. path: /Users/wangjianshen/Downloads/tmp/ ,fileKey: text_kb_51.txt 
[2023-09-25 02:06:31] [信息     ] searchFilesMapping remove item. path: /Users/wangjianshen/Downloads/tmp/ ,fileKey: text_kb_50.txt 
[2023-09-25 02:06:31] [信息     ] searchFilesMapping remove item. path: /Users/wangjianshen/Downloads/tmp/ ,fileKey: text_kb_44.txt 
[2023-09-25 02:06:31] [信息     ] searchFilesMapping remove item. path: /Users/wangjianshen/Downloads/tmp/ ,fileKey: text_kb_78.txt 
[2023-09-25 02:06:31] [信息     ] searchFilesMapping remove item. path: /Users/wangjianshen/Downloads/tmp/ ,fileKey: text_kb_93.txt 
[2023-09-25 02:06:31] [信息     ] searchFilesMapping remove item. path: /Users/wangjianshen/Downloads/tmp/ ,fileKey: text_kb_87.txt 
[2023-09-25 02:06:31] [信息     ] searchFilesMapping remove item. path: /Users/wangjianshen/Downloads/tmp/ ,fileKey: text_kb_91.txt 
[2023-09-25 02:06:31] [信息     ] searchFilesMapping remove item. path: /Users/wangjianshen/Downloads/tmp/ ,fileKey: text_kb_85.txt 
[2023-09-25 02:06:31] [信息     ] searchFilesMapping remove item. path: /Users/wangjianshen/Downloads/tmp/ ,fileKey: text_kb_52.txt 
[2023-09-25 02:06:31] [信息     ] searchFilesMapping remove item. path: /Users/wangjianshen/Downloads/tmp/ ,fileKey: text_kb_46.txt 
[2023-09-25 02:06:31] [信息     ] searchFilesMapping remove item. path: /Users/wangjianshen/Downloads/tmp/ ,fileKey: text_kb_47.txt 
[2023-09-25 02:06:31] [信息     ] searchFilesMapping remove item. path: /Users/wangjianshen/Downloads/tmp/ ,fileKey: text_kb_53.txt 
[2023-09-25 02:06:31] [信息     ] searchFilesMapping remove item. path: /Users/wangjianshen/Downloads/tmp/ ,fileKey: text_kb_84.txt 
[2023-09-25 02:06:31] [信息     ] searchFilesMapping remove item. path: /Users/wangjianshen/Downloads/tmp/ ,fileKey: text_kb_90.txt 
[2023-09-25 02:06:49] [信息     ] The client has requested that the connection be closed 
[2023-09-25 02:07:21] [信息     ] lookup file text_kb_71.txt 
[2023-09-25 02:07:21] [信息     ] lookup file text_kb_51.txt 
[2023-09-25 02:07:21] [信息     ] lookup file text_kb_21.txt 
[2023-09-25 02:07:21] [信息     ] lookup file text_kb_41.txt 
[2023-09-25 02:07:21] [信息     ] lookup file text_kb_81.txt 
[2023-09-25 02:07:21] [严重     ] No file found, name:text_kb_51.txt 
[2023-09-25 02:07:21] [信息     ] lookup file text_kb_1.txt 
[2023-09-25 02:07:21] [严重     ] No file found, name:text_kb_81.txt 
[2023-09-25 02:07:21] [严重     ] No file found, name:text_kb_41.txt 
[2023-09-25 02:07:21] [严重     ] No file found, name:text_kb_21.txt 
[2023-09-25 02:07:21] [严重     ] No file found, name:text_kb_71.txt 
[2023-09-25 02:07:21] [信息     ] The client has requested that the connection be closed 
[2023-09-25 02:07:21] [信息     ] lookup file text_kb_31.txt 
[2023-09-25 02:07:21] [信息     ] The client has requested that the connection be closed 
[2023-09-25 02:07:21] [严重     ] No file found, name:text_kb_31.txt 
[2023-09-25 02:07:21] [信息     ] lookup file text_kb_91.txt 
[2023-09-25 02:07:21] [信息     ] lookup file text_kb_11.txt 
[2023-09-25 02:07:21] [信息     ] lookup file text_kb_61.txt 
[2023-09-25 02:07:21] [严重     ] No file found, name:text_kb_11.txt 
[2023-09-25 02:07:21] [信息     ] The client has requested that the connection be closed 
[2023-09-25 02:07:21] [严重     ] No file found, name:text_kb_91.txt 
[2023-09-25 02:07:21] [信息     ] The client has requested that the connection be closed 
[2023-09-25 02:07:21] [信息     ] The client has requested that the connection be closed 
[2023-09-25 02:07:21] [信息     ] The client has requested that the connection be closed 
[2023-09-25 02:07:21] [严重     ] No file found, name:text_kb_1.txt 
[2023-09-25 02:07:21] [信息     ] The client has requested that the connection be closed 
[2023-09-25 02:07:21] [信息     ] The client has requested that the connection be closed 
[2023-09-25 02:07:21] [严重     ] No file found, name:text_kb_61.txt 
[2023-09-25 02:07:21] [信息     ] The client has requested that the connection be closed 
[2023-09-25 02:07:21] [信息     ] The client has requested that the connection be closed 
[2023-09-25 02:07:57] [信息     ] lookup file text_kb_51.txt 
[2023-09-25 02:07:57] [信息     ] lookup file text_kb_81.txt 
[2023-09-25 02:07:57] [严重     ] No file found, name:text_kb_81.txt 
[2023-09-25 02:07:57] [信息     ] lookup file text_kb_71.txt 
[2023-09-25 02:07:57] [信息     ] lookup file text_kb_41.txt 
[2023-09-25 02:07:57] [严重     ] No file found, name:text_kb_41.txt 
[2023-09-25 02:07:57] [信息     ] lookup file text_kb_61.txt 
[2023-09-25 02:07:57] [信息     ] The client has requested that the connection be closed 
[2023-09-25 02:07:57] [严重     ] No file found, name:text_kb_71.txt 
[2023-09-25 02:07:57] [信息     ] The client has requested that the connection be closed 
[2023-09-25 02:07:57] [信息     ] lookup file text_kb_1.txt 
[2023-09-25 02:07:57] [信息     ] lookup file text_kb_91.txt 
[2023-09-25 02:07:57] [信息     ] lookup file text_kb_11.txt 
[2023-09-25 02:07:57] [严重     ] No file found, name:text_kb_51.txt 
[2023-09-25 02:07:57] [信息     ] lookup file text_kb_21.txt 
[2023-09-25 02:07:57] [信息     ] lookup file text_kb_31.txt 
[2023-09-25 02:07:57] [严重     ] No file found, name:text_kb_21.txt 
[2023-09-25 02:07:57] [严重     ] No file found, name:text_kb_31.txt 
[2023-09-25 02:07:57] [严重     ] No file found, name:text_kb_91.txt 
[2023-09-25 02:07:57] [信息     ] The client has requested that the connection be closed 
[2023-09-25 02:07:57] [信息     ] The client has requested that the connection be closed 
[2023-09-25 02:07:57] [严重     ] No file found, name:text_kb_1.txt 
[2023-09-25 02:07:57] [严重     ] No file found, name:text_kb_61.txt 
[2023-09-25 02:07:57] [信息     ] The client has requested that the connection be closed 
[2023-09-25 02:07:57] [信息     ] The client has requested that the connection be closed 
[2023-09-25 02:07:57] [信息     ] The client has requested that the connection be closed 
[2023-09-25 02:07:57] [严重     ] No file found, name:text_kb_11.txt 
[2023-09-25 02:07:57] [信息     ] The client has requested that the connection be closed 
[2023-09-25 02:07:57] [信息     ] The client has requested that the connection be closed 
[2023-09-25 02:07:57] [信息     ] The client has requested that the connection be closed 
[2023-09-25 02:08:53] [信息     ] Register path: /Users/wangjianshen/Downloads/tmp/,files.size: 100 from Peer(127.0.0.1 ), peerId:651c0aaa-0ab6-464c-bc7c-1b92cb1923a5 
[2023-09-25 02:08:53] [信息     ] The peer (ID:651c0aaa-0ab6-464c-bc7c-1b92cb1923a5, IP:127.0.0.1) sent 100 files to the server.  
[2023-09-25 02:09:00] [信息     ] lookup file text_kb_91.txt 
[2023-09-25 02:09:00] [信息     ] lookup file text_kb_1.txt 
[2023-09-25 02:09:00] [信息     ] lookup file text_kb_51.txt 
[2023-09-25 02:09:00] [信息     ] lookup file text_kb_81.txt 
[2023-09-25 02:09:00] [信息     ] lookup file text_kb_31.txt 
[2023-09-25 02:09:00] [信息     ] lookup file text_kb_41.txt 
[2023-09-25 02:09:00] [信息     ] lookup file text_kb_71.txt 
[2023-09-25 02:09:00] [信息     ] lookup file text_kb_61.txt 
[2023-09-25 02:09:00] [信息     ] lookup file text_kb_11.txt 
[2023-09-25 02:09:00] [信息     ] lookup file text_kb_21.txt 
[2023-09-25 02:09:00] [信息     ] The client has requested that the connection be closed 
[2023-09-25 02:09:00] [信息     ] The client has requested that the connection be closed 
[2023-09-25 02:09:00] [信息     ] The client has requested that the connection be closed 
[2023-09-25 02:09:00] [信息     ] The client has requested that the connection be closed 
[2023-09-25 02:09:00] [信息     ] The client has requested that the connection be closed 
[2023-09-25 02:09:00] [信息     ] The client has requested that the connection be closed 
[2023-09-25 02:09:00] [信息     ] The client has requested that the connection be closed 
[2023-09-25 02:09:00] [信息     ] The client has requested that the connection be closed 
[2023-09-25 02:09:00] [信息     ] The client has requested that the connection be closed 
[2023-09-25 02:09:00] [信息     ] The client has requested that the connection be closed 
[2023-09-25 02:09:00] [信息     ] lookup file text_kb_2.txt 
[2023-09-25 02:09:00] [信息     ] The client has requested that the connection be closed 
[2023-09-25 02:09:00] [信息     ] lookup file text_kb_52.txt 
[2023-09-25 02:09:00] [信息     ] The client has requested that the connection be closed 
[2023-09-25 02:09:00] [信息     ] lookup file text_kb_32.txt 
[2023-09-25 02:09:00] [信息     ] The client has requested that the connection be closed 
[2023-09-25 02:09:00] [信息     ] lookup file text_kb_42.txt 
[2023-09-25 02:09:00] [信息     ] The client has requested that the connection be closed 
[2023-09-25 02:09:01] [信息     ] lookup file text_kb_82.txt 
[2023-09-25 02:09:01] [信息     ] The client has requested that the connection be closed 
[2023-09-25 02:09:01] [信息     ] lookup file text_kb_92.txt 
[2023-09-25 02:09:01] [信息     ] The client has requested that the connection be closed 
[2023-09-25 02:09:01] [信息     ] lookup file text_kb_12.txt 
[2023-09-25 02:09:01] [信息     ] The client has requested that the connection be closed 
[2023-09-25 02:09:01] [信息     ] lookup file text_kb_62.txt 
[2023-09-25 02:09:01] [信息     ] The client has requested that the connection be closed 
[2023-09-25 02:09:01] [信息     ] lookup file text_kb_22.txt 
[2023-09-25 02:09:01] [信息     ] The client has requested that the connection be closed 
[2023-09-25 02:09:02] [信息     ] lookup file text_kb_72.txt 
[2023-09-25 02:09:02] [信息     ] The client has requested that the connection be closed 
[2023-09-25 02:09:02] [信息     ] lookup file text_kb_3.txt 
[2023-09-25 02:09:02] [信息     ] The client has requested that the connection be closed 
[2023-09-25 02:09:02] [信息     ] lookup file text_kb_53.txt 
[2023-09-25 02:09:02] [信息     ] The client has requested that the connection be closed 
[2023-09-25 02:09:02] [信息     ] lookup file text_kb_33.txt 
[2023-09-25 02:09:02] [信息     ] The client has requested that the connection be closed 
[2023-09-25 02:09:02] [信息     ] lookup file text_kb_43.txt 
[2023-09-25 02:09:03] [信息     ] The client has requested that the connection be closed 
[2023-09-25 02:09:03] [信息     ] lookup file text_kb_83.txt 
[2023-09-25 02:09:03] [信息     ] The client has requested that the connection be closed 
[2023-09-25 02:09:03] [信息     ] lookup file text_kb_93.txt 
[2023-09-25 02:09:03] [信息     ] The client has requested that the connection be closed 
[2023-09-25 02:09:03] [信息     ] lookup file text_kb_13.txt 
[2023-09-25 02:09:03] [信息     ] The client has requested that the connection be closed 
[2023-09-25 02:09:03] [信息     ] lookup file text_kb_63.txt 
[2023-09-25 02:09:03] [信息     ] The client has requested that the connection be closed 
[2023-09-25 02:09:04] [信息     ] lookup file text_kb_23.txt 
[2023-09-25 02:09:04] [信息     ] The client has requested that the connection be closed 
[2023-09-25 02:09:04] [信息     ] lookup file text_kb_73.txt 
[2023-09-25 02:09:04] [信息     ] The client has requested that the connection be closed 
[2023-09-25 02:09:04] [信息     ] lookup file text_kb_4.txt 
[2023-09-25 02:09:04] [信息     ] The client has requested that the connection be closed 
[2023-09-25 02:09:04] [信息     ] lookup file text_kb_54.txt 
[2023-09-25 02:09:04] [信息     ] The client has requested that the connection be closed 
[2023-09-25 02:09:04] [信息     ] lookup file text_kb_34.txt 
[2023-09-25 02:09:04] [信息     ] The client has requested that the connection be closed 
[2023-09-25 02:09:05] [信息     ] lookup file text_kb_44.txt 
[2023-09-25 02:09:05] [信息     ] The client has requested that the connection be closed 
[2023-09-25 02:09:05] [信息     ] lookup file text_kb_84.txt 
[2023-09-25 02:09:05] [信息     ] The client has requested that the connection be closed 
[2023-09-25 02:09:05] [信息     ] lookup file text_kb_94.txt 
[2023-09-25 02:09:05] [信息     ] The client has requested that the connection be closed 
[2023-09-25 02:09:05] [信息     ] lookup file text_kb_14.txt 
[2023-09-25 02:09:05] [信息     ] The client has requested that the connection be closed 
[2023-09-25 02:09:05] [信息     ] lookup file text_kb_64.txt 
[2023-09-25 02:09:05] [信息     ] The client has requested that the connection be closed 
[2023-09-25 02:09:06] [信息     ] lookup file text_kb_24.txt 
[2023-09-25 02:09:06] [信息     ] The client has requested that the connection be closed 
[2023-09-25 02:09:06] [信息     ] lookup file text_kb_74.txt 
[2023-09-25 02:09:06] [信息     ] The client has requested that the connection be closed 
[2023-09-25 02:09:06] [信息     ] lookup file text_kb_5.txt 
[2023-09-25 02:09:06] [信息     ] The client has requested that the connection be closed 
[2023-09-25 02:09:06] [信息     ] lookup file text_kb_55.txt 
[2023-09-25 02:09:06] [信息     ] The client has requested that the connection be closed 
[2023-09-25 02:09:06] [信息     ] lookup file text_kb_35.txt 
[2023-09-25 02:09:06] [信息     ] The client has requested that the connection be closed 
[2023-09-25 02:09:07] [信息     ] lookup file text_kb_45.txt 
[2023-09-25 02:09:07] [信息     ] The client has requested that the connection be closed 
[2023-09-25 02:09:07] [信息     ] lookup file text_kb_85.txt 
[2023-09-25 02:09:07] [信息     ] The client has requested that the connection be closed 
[2023-09-25 02:09:07] [信息     ] lookup file text_kb_95.txt 
[2023-09-25 02:09:07] [信息     ] The client has requested that the connection be closed 
[2023-09-25 02:09:07] [信息     ] lookup file text_kb_15.txt 
[2023-09-25 02:09:07] [信息     ] The client has requested that the connection be closed 
[2023-09-25 02:09:08] [信息     ] lookup file text_kb_65.txt 
[2023-09-25 02:09:08] [信息     ] The client has requested that the connection be closed 
[2023-09-25 02:09:08] [信息     ] lookup file text_kb_25.txt 
[2023-09-25 02:09:08] [信息     ] The client has requested that the connection be closed 
[2023-09-25 02:09:08] [信息     ] lookup file text_kb_75.txt 
[2023-09-25 02:09:08] [信息     ] The client has requested that the connection be closed 
[2023-09-25 02:09:08] [信息     ] lookup file text_kb_6.txt 
[2023-09-25 02:09:08] [信息     ] The client has requested that the connection be closed 
[2023-09-25 02:09:08] [信息     ] lookup file text_kb_56.txt 
[2023-09-25 02:09:08] [信息     ] The client has requested that the connection be closed 
[2023-09-25 02:09:09] [信息     ] lookup file text_kb_36.txt 
[2023-09-25 02:09:09] [信息     ] The client has requested that the connection be closed 
[2023-09-25 02:09:09] [信息     ] lookup file text_kb_46.txt 
[2023-09-25 02:09:09] [信息     ] The client has requested that the connection be closed 
[2023-09-25 02:09:09] [信息     ] lookup file text_kb_86.txt 
[2023-09-25 02:09:09] [信息     ] The client has requested that the connection be closed 
[2023-09-25 02:09:09] [信息     ] lookup file text_kb_96.txt 
[2023-09-25 02:09:09] [信息     ] The client has requested that the connection be closed 
[2023-09-25 02:09:09] [信息     ] lookup file text_kb_16.txt 
[2023-09-25 02:09:09] [信息     ] The client has requested that the connection be closed 
[2023-09-25 02:09:10] [信息     ] lookup file text_kb_66.txt 
[2023-09-25 02:09:10] [信息     ] The client has requested that the connection be closed 
[2023-09-25 02:09:10] [信息     ] lookup file text_kb_26.txt 
[2023-09-25 02:09:10] [信息     ] The client has requested that the connection be closed 
[2023-09-25 02:09:10] [信息     ] lookup file text_kb_76.txt 
[2023-09-25 02:09:10] [信息     ] The client has requested that the connection be closed 
[2023-09-25 02:09:10] [信息     ] lookup file text_kb_7.txt 
[2023-09-25 02:09:10] [信息     ] The client has requested that the connection be closed 
[2023-09-25 02:09:10] [信息     ] lookup file text_kb_57.txt 
[2023-09-25 02:09:10] [信息     ] The client has requested that the connection be closed 
[2023-09-25 02:09:11] [信息     ] lookup file text_kb_37.txt 
[2023-09-25 02:09:11] [信息     ] The client has requested that the connection be closed 
[2023-09-25 02:09:11] [信息     ] lookup file text_kb_47.txt 
[2023-09-25 02:09:11] [信息     ] The client has requested that the connection be closed 
[2023-09-25 02:09:11] [信息     ] lookup file text_kb_87.txt 
[2023-09-25 02:09:11] [信息     ] The client has requested that the connection be closed 
[2023-09-25 02:09:11] [信息     ] lookup file text_kb_97.txt 
[2023-09-25 02:09:11] [信息     ] The client has requested that the connection be closed 
[2023-09-25 02:09:11] [信息     ] lookup file text_kb_17.txt 
[2023-09-25 02:09:11] [信息     ] The client has requested that the connection be closed 
[2023-09-25 02:09:12] [信息     ] lookup file text_kb_67.txt 
[2023-09-25 02:09:12] [信息     ] The client has requested that the connection be closed 
[2023-09-25 02:09:12] [信息     ] lookup file text_kb_27.txt 
[2023-09-25 02:09:12] [信息     ] The client has requested that the connection be closed 
[2023-09-25 02:09:12] [信息     ] lookup file text_kb_77.txt 
[2023-09-25 02:09:12] [信息     ] The client has requested that the connection be closed 
[2023-09-25 02:09:12] [信息     ] lookup file text_kb_8.txt 
[2023-09-25 02:09:12] [信息     ] The client has requested that the connection be closed 
[2023-09-25 02:09:13] [信息     ] lookup file text_kb_58.txt 
[2023-09-25 02:09:13] [信息     ] The client has requested that the connection be closed 
[2023-09-25 02:09:13] [信息     ] lookup file text_kb_38.txt 
[2023-09-25 02:09:13] [信息     ] The client has requested that the connection be closed 
[2023-09-25 02:09:13] [信息     ] lookup file text_kb_48.txt 
[2023-09-25 02:09:13] [信息     ] The client has requested that the connection be closed 
[2023-09-25 02:09:13] [信息     ] lookup file text_kb_88.txt 
[2023-09-25 02:09:13] [信息     ] The client has requested that the connection be closed 
[2023-09-25 02:09:13] [信息     ] lookup file text_kb_98.txt 
[2023-09-25 02:09:13] [信息     ] The client has requested that the connection be closed 
[2023-09-25 02:09:14] [信息     ] lookup file text_kb_18.txt 
[2023-09-25 02:09:14] [信息     ] The client has requested that the connection be closed 
[2023-09-25 02:09:14] [信息     ] lookup file text_kb_68.txt 
[2023-09-25 02:09:14] [信息     ] The client has requested that the connection be closed 
[2023-09-25 02:09:14] [信息     ] lookup file text_kb_28.txt 
[2023-09-25 02:09:14] [信息     ] The client has requested that the connection be closed 
[2023-09-25 02:09:14] [信息     ] lookup file text_kb_78.txt 
[2023-09-25 02:09:14] [信息     ] The client has requested that the connection be closed 
[2023-09-25 02:09:14] [信息     ] lookup file text_kb_9.txt 
[2023-09-25 02:09:14] [信息     ] The client has requested that the connection be closed 
[2023-09-25 02:09:15] [信息     ] lookup file text_kb_59.txt 
[2023-09-25 02:09:15] [信息     ] The client has requested that the connection be closed 
[2023-09-25 02:09:15] [信息     ] lookup file text_kb_39.txt 
[2023-09-25 02:09:15] [信息     ] The client has requested that the connection be closed 
[2023-09-25 02:09:15] [信息     ] lookup file text_kb_49.txt 
[2023-09-25 02:09:15] [信息     ] The client has requested that the connection be closed 
[2023-09-25 02:09:15] [信息     ] lookup file text_kb_89.txt 
[2023-09-25 02:09:15] [信息     ] The client has requested that the connection be closed 
[2023-09-25 02:09:15] [信息     ] lookup file text_kb_99.txt 
[2023-09-25 02:09:15] [信息     ] The client has requested that the connection be closed 
[2023-09-25 02:09:16] [信息     ] lookup file text_kb_19.txt 
[2023-09-25 02:09:16] [信息     ] The client has requested that the connection be closed 
[2023-09-25 02:09:16] [信息     ] lookup file text_kb_69.txt 
[2023-09-25 02:09:16] [信息     ] The client has requested that the connection be closed 
[2023-09-25 02:09:16] [信息     ] lookup file text_kb_29.txt 
[2023-09-25 02:09:16] [信息     ] The client has requested that the connection be closed 
[2023-09-25 02:09:16] [信息     ] lookup file text_kb_79.txt 
[2023-09-25 02:09:16] [信息     ] The client has requested that the connection be closed 
[2023-09-25 02:09:16] [信息     ] lookup file text_kb_10.txt 
[2023-09-25 02:09:16] [信息     ] The client has requested that the connection be closed 
[2023-09-25 02:09:17] [信息     ] lookup file text_kb_60.txt 
[2023-09-25 02:09:17] [信息     ] The client has requested that the connection be closed 
[2023-09-25 02:09:17] [信息     ] lookup file text_kb_40.txt 
[2023-09-25 02:09:17] [信息     ] The client has requested that the connection be closed 
[2023-09-25 02:09:17] [信息     ] lookup file text_kb_50.txt 
[2023-09-25 02:09:17] [信息     ] The client has requested that the connection be closed 
[2023-09-25 02:09:17] [信息     ] lookup file text_kb_90.txt 
[2023-09-25 02:09:17] [信息     ] The client has requested that the connection be closed 
[2023-09-25 02:09:18] [信息     ] lookup file text_kb_100.txt 
[2023-09-25 02:09:18] [信息     ] The client has requested that the connection be closed 
[2023-09-25 02:09:18] [信息     ] lookup file text_kb_20.txt 
[2023-09-25 02:09:18] [信息     ] The client has requested that the connection be closed 
[2023-09-25 02:09:18] [信息     ] lookup file text_kb_70.txt 
[2023-09-25 02:09:18] [信息     ] The client has requested that the connection be closed 
[2023-09-25 02:09:18] [信息     ] lookup file text_kb_30.txt 
[2023-09-25 02:09:18] [信息     ] The client has requested that the connection be closed 
[2023-09-25 02:09:18] [信息     ] lookup file text_kb_80.txt 
[2023-09-25 02:09:18] [信息     ] The client has requested that the connection be closed 
